<?xml version="1.0" encoding="UTF-8"?>
<testng-results skipped="0" failed="0" ignored="0" total="1" passed="1">
  <reporter-output>
  </reporter-output>
  <suite name="Suite" duration-ms="14762" started-at="2023-12-19T00:03:37 IST" finished-at="2023-12-19T00:03:51 IST">
    <groups>
    </groups>
    <test name="Test" duration-ms="14762" started-at="2023-12-19T00:03:37 IST" finished-at="2023-12-19T00:03:51 IST">
      <class name="login_page.loginpage_test">
        <test-method status="PASS" signature="setup()[pri:0, instance:login_page.loginpage_test@fad74ee]" name="setup" is-config="true" duration-ms="10503" started-at="2023-12-19T00:03:37 IST" finished-at="2023-12-19T00:03:47 IST">
          <reporter-output>
          </reporter-output>
        </test-method> <!-- setup -->
        <test-method status="PASS" signature="verifyHomePageTitleTest()[pri:0, instance:login_page.loginpage_test@fad74ee]" name="verifyHomePageTitleTest" duration-ms="3393" started-at="2023-12-19T00:03:47 IST" finished-at="2023-12-19T00:03:51 IST">
          <reporter-output>
          </reporter-output>
        </test-method> <!-- verifyHomePageTitleTest -->
        <test-method status="PASS" signature="tearDown()[pri:0, instance:login_page.loginpage_test@fad74ee]" name="tearDown" is-config="true" duration-ms="809" started-at="2023-12-19T00:03:51 IST" finished-at="2023-12-19T00:03:51 IST">
          <reporter-output>
          </reporter-output>
        </test-method> <!-- tearDown -->
      </class> <!-- login_page.loginpage_test -->
    </test> <!-- Test -->
  </suite> <!-- Suite -->
</testng-results>
